2021-08-11 17:41:08 info: server running
2021-08-11 17:41:11 info: GET / 
2021-08-11 17:43:13 info: server running
2021-08-11 17:43:17 info: GET / 
2021-08-11 17:43:42 info: server running
2021-08-11 17:43:58 info: GET / 
2021-08-11 18:01:10 info: server running
2021-08-11 18:22:28 info: server running
2021-08-11 18:22:36 info: server running
2021-08-11 18:22:45 info: server running
2021-08-11 18:22:47 info: GET / 
2021-08-11 18:22:47 http: join
2021-08-11 18:23:56 info: server running
2021-08-11 18:33:01 info: server running
2021-08-11 18:33:07 info: GET / 
2021-08-11 18:33:07 http: join
2021-08-11 18:33:35 info: server running
2021-08-11 18:33:47 info: GET / 
2021-08-11 18:33:47 http: join
2021-08-11 18:35:03 info: server running
2021-08-11 18:35:07 info: GET / 
2021-08-11 18:35:07 http: join
2021-08-11 18:35:13 info: server running
2021-08-11 18:37:52 info: server running
2021-08-11 18:38:01 info: server running
2021-08-11 18:38:33 info: GET / 
2021-08-11 18:38:33 http: join
2021-08-11T18:48:20+09:00 info: server running
2021-08-11T18:48:20+09:00 info: GET / 
2021-08-11T18:48:20+09:00 http: join
2021-08-11T18:50:06+09:00 info: server running
2021-08-11T18:50:45+09:00 info: server running
2021-08-11T18:50:45+09:00 info: GET / 
2021-08-11T18:50:45+09:00 http: join
2021-08-11T18:52:36+09:00 info: server running
2021-08-11T18:59:01+09:00 info: server running
2021-08-11T18:59:04+09:00 info: server running
2021-08-11T19:00:24+09:00 info: server running
2021-08-11T19:00:24+09:00 http: join
2021-08-11T19:00:39+09:00 info: server running
2021-08-11T19:02:25+09:00 info: server running
2021-08-11T19:05:48+09:00 info: server running
2021-08-11T19:06:07+09:00 info: server running
2021-08-11T19:06:07+09:00 info: GET / 
2021-08-11T19:06:07+09:00 http: join
2021-08-11T19:08:46+09:00 info: server running
2021-08-11T19:08:46+09:00 info: GET / 
2021-08-11T19:08:46+09:00 http: join
2021-08-11T19:10:40+09:00 info: server running
2021-08-11T19:10:40+09:00 info: GET / 
2021-08-11T19:10:40+09:00 http: join
2021-08-11T20:18:49+09:00 info: server running
2021-08-11T20:18:49+09:00 info: GET / 
2021-08-11T20:18:49+09:00 http: join
2021-08-11T20:19:27+09:00 info: server running
2021-08-11T20:19:27+09:00 info: GET / 
2021-08-11T20:19:27+09:00 http: join
2021-08-11T21:58:59+09:00 info: server running
2021-08-11T21:58:59+09:00 info: GET / 
2021-08-11T21:58:59+09:00 http: join
2021-08-11T21:59:18+09:00 info: server running
2021-08-11T21:59:29+09:00 info: server running
2021-08-11T21:59:29+09:00 info: GET / 
2021-08-11T21:59:29+09:00 http: join
2021-08-11T21:59:44+09:00 info: server running
2021-08-11T21:59:44+09:00 info: GET / 
2021-08-11T21:59:44+09:00 http: join
2021-08-11T22:00:02+09:00 info: server running
2021-08-11T22:00:02+09:00 info: GET / 
2021-08-11T22:00:02+09:00 http: join
2021-08-11T22:00:02+09:00 http: [0mGET /api/route/ [36m304[0m 674.204 ms - -[0m

2021-08-11T22:01:30+09:00 info: server running
2021-08-11T22:01:30+09:00 info: GET / 
2021-08-11T22:01:30+09:00 http: join
2021-08-11T22:02:03+09:00 info: server running
2021-08-11T22:02:03+09:00 info: GET / 
2021-08-11T22:02:03+09:00 http: join
2021-08-11T22:02:03+09:00 http: [0mGET /api/route/ [36m304[0m 678.599 ms - -[0m

2021-08-11T22:02:36+09:00 info: server running
2021-08-11T22:02:36+09:00 info: GET / 
2021-08-11T22:02:36+09:00 http: [0mGET /api/route/ [36m304[0m 697.166 ms - -[0m

2021-08-11T22:02:36+09:00 info: GET / 
2021-08-11T22:02:36+09:00 http: [0mGET /api/route/ [36m304[0m 696.791 ms - -[0m

2021-08-11T22:48:14+09:00 info: server running
2021-08-11T22:48:58+09:00 info: server running
2021-08-11T22:49:08+09:00 info: server running
2021-08-11T22:49:13+09:00 info: server running
2021-08-11T22:54:55+09:00 info: server running
2021-08-11T22:55:45+09:00 info: server running
2021-08-11T22:58:42+09:00 info: server running
2021-08-11T23:01:52+09:00 info: server running
2021-08-11T23:01:55+09:00 info: server running
2021-08-11T23:01:55+09:00 info: GET / 
2021-08-11T23:01:55+09:00 http: [0mGET /api/route/ [36m304[0m 679.712 ms - -[0m

2021-08-11T23:05:48+09:00 info: server running
